
ROM used:   1906/8192 (23%)
            1906/8192 (23%) including unused fragments

            1.6 Average locations per line
            15.9 Average locations per statement

RAM used:   40/368 (11%) at main() level
            84/368 (23%) worst case

Stack used: 7 worst case (5 in main + 2 for interrupts)
Stack size: 8

Lines Stmts  %   Files
----- ----- ---  -----
   88    36  30  main.c
  671     0   0  ..\..\..\..\..\Program Files (x86)\PICC\Devices\16F877A.h
  456    84  70  ..\..\..\..\..\Program Files (x86)\PICC\Drivers\lcd.c
----- -----
 1215   120 Total

Page ROM  %  RAM   Vol Diff  Functions:
---- --- --- ---   --- ----  ----------
0     20   1    1             @delay_ms1
 Inline         3   596  5.9  lcd_read_byte
0      6   0    0    59  4.2  lcd_read_nibble
0     17   1    1   179  3.3  lcd_send_nibble
0     66   3    3   460  4.7  lcd_send_byte
0     62   3    6   814  7.2  lcd_init
0     18   1    4   208  6.3  lcd_gotoxy
0     44   2    1   354  4.7  lcd_putc
0     15   1    1    93  2.1  lcd_cursor_on
0    615  32    0   120  3.4  external_interrupt
0     29   2    2             @ITOF
0    117   6   13             @MULFF
 Inline        16             @ADDFF
 Inline        14             @DIVFF
0      9   0    0    29  1.2  tmr_int
0    264  14    0   825  3.8  MAIN
0     33   2    4             @SFTOI
0      6   0    0             @const686
0     89   5    5             @PSTRINGCN7_647
0    101   5    9             @PRINTF_LU_647
 Inline         5             @FTOSD
0     79   4   13             @DIV3232
0    230  12   13             @PRINTF_L32D_647FPFPF
 Inline         0             @cinit1

Program metrics:
    Functions               11
    Statements              120
    Comments                232
    Volume (V)              5868
    Difficulty (D)          44.9
    Effort to implement (E) 263250
    Time to implement (T)   4 hours, 4 minutes
    Est Delivered Bugs (B)  1
    Cyclomatic Complexity   9
    Maintainability (MI)    136

 Segment     Used  Free
-----------  ----  ----
00000-00003     4  0  
00004-00055    82  0  
00056-007FF  1820  142  
00800-00FFF     0  2048  
01000-017FF     0  2048  
01800-01FFF     0  2048  



