
ROM used:   2239/8192 (27%)
            2611/8192 (32%) including unused fragments

            1.8 Average locations per line
            16.1 Average locations per statement

RAM used:   56/368 (15%) at main() level
            104/368 (28%) worst case

Stack used: 7 worst case (5 in main + 2 for interrupts)
Stack size: 8

Lines Stmts  %   Files
----- ----- ---  -----
  110    55  40  main.c
  671     0   0  ..\..\..\..\..\Program Files (x86)\PICC\Devices\16F877A.h
  456    84  60  ..\..\..\..\..\Program Files (x86)\PICC\Drivers\lcd.c
----- -----
 1237   139 Total

Page ROM  %  RAM   Vol Diff  Functions:
---- --- --- ---   --- ----  ----------
0     21   1    1   596  5.9  @delay_ms1
 Inline         3   596  5.9  lcd_read_byte
0      6   0    0    59  4.2  lcd_read_nibble
0     12   1    1   179  3.3  lcd_send_nibble
0     64   3    3   460  4.7  lcd_send_byte
0     62   3    6   814  7.2  lcd_init
0     18   1    4   208  6.3  lcd_gotoxy
0     44   2    1   354  4.7  lcd_putc
0     15   1    1    95  1.9  lcd_cursor_on
0     96   4    0   120  3.4  external_interrupt
0     29   1    2             @ITOF
0    134   6   13             @MULFF
0    331  15   16    88  3.2  @ADDFF
0    217  10   14             @DIVFF
0     88   4    2    88  3.2  tmr_int
 Inline         5             @DIV1616
1    563  25    4  1581  4.9  MAIN
0     33   1    4             @SFTOI
0      6   0    0             @const693
0     87   4    5             @PSTRINGCN7_647
 Inline         5             @FTOSD
0     79   4   13             @DIV3232
0    230  10   13             @PRINTF_L32D_647FPFPF
0      6   0    0             @const705
0      6   0    0             @const707
0      6   0    0             @const709
 Inline         0             @cinit1

Program metrics:
    Functions               13
    Statements              139
    Comments                240
    Volume (V)              8245
    Difficulty (D)          57.5
    Effort to implement (E) 474311
    Time to implement (T)   7 hours, 19 minutes
    Est Delivered Bugs (B)  2
    Cyclomatic Complexity   11
    Maintainability (MI)    117

 Segment     Used  Free
-----------  ----  ----
00000-00003     4  0  
00004-00055    82  0  
00056-007FF  1590  372  
00800-00FFF   563  1485  
01000-017FF     0  2048  
01800-01FFF     0  2048  



