
ROM used:   1492/8192 (18%)
            1492/8192 (18%) including unused fragments

            1.2 Average locations per line
            12.3 Average locations per statement

RAM used:   29/368 (8%) at main() level
            73/368 (20%) worst case

Stack used: 7 worst case (5 in main + 2 for interrupts)
Stack size: 8

Lines Stmts  %   Files
----- ----- ---  -----
   85    37  31  main.c
  671     0   0  ..\..\..\..\Program Files (x86)\PICC\Devices\16F877A.h
  456    84  69  ..\..\..\..\Program Files (x86)\PICC\Drivers\lcd.c
----- -----
 1212   121 Total

Page ROM  %  RAM   Vol Diff  Functions:
---- --- --- ---   --- ----  ----------
0     21   1    1             @delay_ms1
 Inline         3   596  5.9  lcd_read_byte
0      6   0    0    59  4.2  lcd_read_nibble
0     12   1    1   179  3.3  lcd_send_nibble
0     64   4    3   460  4.7  lcd_send_byte
0     62   4    6   814  7.2  lcd_init
0     18   1    4   208  6.3  lcd_gotoxy
0     44   3    1   354  4.7  lcd_putc
0     15   1    1    93  2.1  lcd_cursor_on
0      7   0    0    13  1.0  external_interrupt
0    253  17    2   149  3.7  tmr_int
0     29   2    2             @ITOF
 Inline        14             @DIVFF
0    224  15    0   810  3.8  MAIN
0    117   8   13             @MULFF
0     33   2    4             @SFTOI
0      6   0    0             @const681
0     89   6    5             @PSTRINGCN7_647
0    101   7    9             @PRINTF_LU_647
 Inline         5             @FTOSD
0     79   5   13             @DIV3232
0    226  15   13             @PRINTF_L32D_647FPFPF
 Inline         0             @cinit1

Program metrics:
    Functions               11
    Statements              121
    Comments                231
    Volume (V)              5855
    Difficulty (D)          45.5
    Effort to implement (E) 266389
    Time to implement (T)   4 hours, 7 minutes
    Est Delivered Bugs (B)  1
    Cyclomatic Complexity   10
    Maintainability (MI)    136

 Segment     Used  Free
-----------  ----  ----
00000-00003     4  0  
00004-00055    82  0  
00056-007FF  1406  556  
00800-00FFF     0  2048  
01000-017FF     0  2048  
01800-01FFF     0  2048  



